Build started 08/04/2012 17:12:23.
     1>Project "C:\Documents and Settings\Noel Wilson\NSGame\NSGame\NSGame\NSGame.vcxproj" on node 2 (build target(s)).
     1>InitializeBuildStatus:
         Creating "Debug\NSGame.unsuccessfulbuild" because "AlwaysCreate" was specified.
       ClCompile:
         All outputs are up-to-date.
         E:\Program Files\Microsoft Visual Studio 10.0\VC\bin\CL.exe /c /I"C:\Program Files\Microsoft DirectX SDK (June 2010)\Include" /ZI /nologo /W3 /WX- /Od /Oy- /D WIN32 /D _DEBUG /D _WINDOWS /D D3D_DEBUG_INFO /D _MBCS /Gm /EHsc /RTC1 /MDd /GS /fp:precise /Zc:wchar_t /Zc:forScope /Yu"StdAfx.h" /Fp"Debug\NSGame.pch" /Fo"Debug\\" /Fd"Debug\vc100.pdb" /Gd /TP /analyze- /errorReport:prompt TestEngine.cpp
         TestEngine.cpp
     1>c:\documents and settings\noel wilson\nsgame\nsgame\nsgame\testengine.cpp(34): warning C4244: '=' : conversion from 'float' to 'int', possible loss of data
     1>c:\documents and settings\noel wilson\nsgame\nsgame\nsgame\testengine.cpp(35): warning C4244: '=' : conversion from 'float' to 'int', possible loss of data
     1>c:\documents and settings\noel wilson\nsgame\nsgame\nsgame\testengine.cpp(38): warning C4244: 'argument' : conversion from 'int' to 'const float', possible loss of data
     1>c:\documents and settings\noel wilson\nsgame\nsgame\nsgame\testengine.cpp(38): warning C4244: 'argument' : conversion from 'int' to 'const float', possible loss of data
     1>c:\documents and settings\noel wilson\nsgame\nsgame\nsgame\testengine.cpp(42): warning C4244: '=' : conversion from 'float' to 'int', possible loss of data
     1>c:\documents and settings\noel wilson\nsgame\nsgame\nsgame\testengine.cpp(43): warning C4244: '=' : conversion from 'float' to 'int', possible loss of data
     1>c:\documents and settings\noel wilson\nsgame\nsgame\nsgame\testengine.cpp(46): warning C4244: 'argument' : conversion from 'int' to 'const float', possible loss of data
     1>c:\documents and settings\noel wilson\nsgame\nsgame\nsgame\testengine.cpp(46): warning C4244: 'argument' : conversion from 'int' to 'const float', possible loss of data
     1>c:\documents and settings\noel wilson\nsgame\nsgame\nsgame\testengine.cpp(50): warning C4244: '=' : conversion from 'float' to 'int', possible loss of data
     1>c:\documents and settings\noel wilson\nsgame\nsgame\nsgame\testengine.cpp(51): warning C4244: '=' : conversion from 'float' to 'int', possible loss of data
     1>c:\documents and settings\noel wilson\nsgame\nsgame\nsgame\testengine.cpp(54): warning C4244: 'argument' : conversion from 'int' to 'const float', possible loss of data
     1>c:\documents and settings\noel wilson\nsgame\nsgame\nsgame\testengine.cpp(54): warning C4244: 'argument' : conversion from 'int' to 'const float', possible loss of data
     1>c:\documents and settings\noel wilson\nsgame\nsgame\nsgame\testengine.cpp(58): warning C4244: '=' : conversion from 'float' to 'int', possible loss of data
     1>c:\documents and settings\noel wilson\nsgame\nsgame\nsgame\testengine.cpp(59): warning C4244: '=' : conversion from 'float' to 'int', possible loss of data
     1>c:\documents and settings\noel wilson\nsgame\nsgame\nsgame\testengine.cpp(62): warning C4244: 'argument' : conversion from 'int' to 'const float', possible loss of data
     1>c:\documents and settings\noel wilson\nsgame\nsgame\nsgame\testengine.cpp(62): warning C4244: 'argument' : conversion from 'int' to 'const float', possible loss of data
       ResourceCompile:
         All outputs are up-to-date.
       ManifestResourceCompile:
         All outputs are up-to-date.
       Link:
         E:\Program Files\Microsoft Visual Studio 10.0\VC\bin\link.exe /ERRORREPORT:PROMPT /OUT:"C:\Documents and Settings\Noel Wilson\NSGame\NSGame\Debug\NSGame.exe" /INCREMENTAL /NOLOGO /LIBPATH:"C:\Program Files\Microsoft DirectX SDK (June 2010)\Lib\x86" d3d9.lib d3dx9d.lib winmm.lib dxerr.lib Dinput8.lib dxguid.lib kernel32.lib user32.lib gdi32.lib winspool.lib comdlg32.lib advapi32.lib shell32.lib ole32.lib oleaut32.lib uuid.lib odbc32.lib odbccp32.lib /MANIFEST /ManifestFile:"Debug\NSGame.exe.intermediate.manifest" /MANIFESTUAC:"level='asInvoker' uiAccess='false'" /DEBUG /PDB:"C:\Documents and Settings\Noel Wilson\NSGame\NSGame\Debug\NSGame.pdb" /SUBSYSTEM:WINDOWS /TLBID:1 /DYNAMICBASE /NXCOMPAT /IMPLIB:"C:\Documents and Settings\Noel Wilson\NSGame\NSGame\Debug\NSGame.lib" /MACHINE:X86 Debug\NSGame.res
         Debug\NSGame.exe.embed.manifest.res
         Debug\NSGame.obj
         Debug\SpriteEngine.obj
         Debug\stdafx.obj
         Debug\Engine.obj
         Debug\TestEngine.obj
         Debug\Game.obj
         Debug\Graphics.obj
         Debug\Graphics2D.obj
         Debug\BasicInput.obj
         Debug\Input.obj
         Debug\Sound.obj
         Debug\Object.obj
         Debug\Sprite.obj
         Debug\TestObject.obj
         Debug\World.obj
         Debug\DummyImporter.obj
         Debug\FileIO.obj
         Debug\World2D.obj
         Debug\XMLReader.obj
       Manifest:
         C:\Program Files\Microsoft SDKs\Windows\v7.0A\bin\mt.exe /nologo /verbose /out:"Debug\NSGame.exe.embed.manifest" /manifest Debug\NSGame.exe.intermediate.manifest
         All outputs are up-to-date.
       LinkEmbedManifest:
         All outputs are up-to-date.
         NSGame.vcxproj -> C:\Documents and Settings\Noel Wilson\NSGame\NSGame\Debug\NSGame.exe
       FinalizeBuildStatus:
         Deleting file "Debug\NSGame.unsuccessfulbuild".
         Touching "Debug\NSGame.lastbuildstate".
     1>Done Building Project "C:\Documents and Settings\Noel Wilson\NSGame\NSGame\NSGame\NSGame.vcxproj" (build target(s)).

Build succeeded.

Time Elapsed 00:00:01.37
